d:\projects\simplebattlebot\khe2019\msvs\debug\vc140.pdb
d:\projects\simplebattlebot\khe2019\msvs\debug\vc140.idb
d:\projects\simplebattlebot\khe2019\msvs\debug\activesocket.obj
d:\projects\simplebattlebot\khe2019\msvs\debug\passivesocket.obj
d:\projects\simplebattlebot\khe2019\msvs\debug\simplesocket.obj
d:\projects\simplebattlebot\khe2019\msvs\debug\main.obj
d:\projects\simplebattlebot\khe2019\msvs\debug\tinystr.obj
d:\projects\simplebattlebot\khe2019\msvs\debug\tinyxml.obj
d:\projects\simplebattlebot\khe2019\msvs\debug\tinyxmlerror.obj
d:\projects\simplebattlebot\khe2019\msvs\debug\tinyxmlparser.obj
d:\projects\simplebattlebot\khe2019\msvs\debug\xmltest.obj
d:\projects\simplebattlebot\khe2019\msvs\debug\sqlite3.obj
d:\projects\simplebattlebot\khe2019\msvs\debug\shell.obj
d:\projects\simplebattlebot\khe2019\msvs\debug\jitprofiling.obj
d:\projects\simplebattlebot\khe2019\msvs\debug\regexp-macro-assembler-x64.obj
d:\projects\simplebattlebot\khe2019\msvs\debug\regexp-macro-assembler-arm64.obj
d:\projects\simplebattlebot\khe2019\msvs\debug\regexp-macro-assembler-arm.obj
d:\projects\simplebattlebot\khe2019\msvs\debug\regexp-macro-assembler-ia32.obj
d:\projects\simplebattlebot\khe2019\msvs\debug\regexp-macro-assembler-mips64.obj
d:\projects\simplebattlebot\khe2019\msvs\debug\regexp-macro-assembler-mips.obj
d:\projects\simplebattlebot\khe2019\msvs\debug\regexp-macro-assembler-ppc.obj
d:\projects\simplebattlebot\khe2019\msvs\debug\property-sequences.obj
d:\projects\simplebattlebot\khe2019\msvs\debug\frame-constants-mips64.obj
d:\projects\simplebattlebot\khe2019\msvs\debug\frame-constants-mips.obj
d:\projects\simplebattlebot\khe2019\msvs\debug\frame-constants-ppc.obj
d:\projects\simplebattlebot\khe2019\msvs\debug\frame-constants-s390.obj
d:\projects\simplebattlebot\khe2019\msvs\debug\frame-constants-x64.obj
d:\projects\simplebattlebot\khe2019\msvs\debug\disasm-ppc.obj
d:\projects\simplebattlebot\khe2019\msvs\debug\disasm-s390.obj
d:\projects\simplebattlebot\khe2019\msvs\debug\disasm-x64.obj
d:\projects\simplebattlebot\khe2019\msvs\debug\frame-constants-arm.obj
d:\projects\simplebattlebot\khe2019\msvs\debug\frame-constants-ia32.obj
d:\projects\simplebattlebot\khe2019\msvs\debug\deoptimizer-ia32.obj
d:\projects\simplebattlebot\khe2019\msvs\debug\deoptimizer-x64.obj
d:\projects\simplebattlebot\khe2019\msvs\debug\disasm-arm64.obj
d:\projects\simplebattlebot\khe2019\msvs\debug\disasm-arm.obj
d:\projects\simplebattlebot\khe2019\msvs\debug\disasm-ia32.obj
d:\projects\simplebattlebot\khe2019\msvs\debug\disasm-mips64.obj
d:\projects\simplebattlebot\khe2019\msvs\debug\disasm-mips.obj
d:\projects\simplebattlebot\khe2019\msvs\debug\debug-ia32.obj
d:\projects\simplebattlebot\khe2019\msvs\debug\debug-mips64.obj
d:\projects\simplebattlebot\khe2019\msvs\debug\debug-mips.obj
d:\projects\simplebattlebot\khe2019\msvs\debug\debug-ppc.obj
d:\projects\simplebattlebot\khe2019\msvs\debug\debug-x64.obj
d:\projects\simplebattlebot\khe2019\msvs\debug\debug-arm64.obj
d:\projects\simplebattlebot\khe2019\msvs\debug\debug-arm.obj
d:\projects\simplebattlebot\khe2019\msvs\debug\cpu-x64.obj
d:\projects\simplebattlebot\khe2019\msvs\debug\interface-descriptors-x64.obj
d:\projects\simplebattlebot\khe2019\msvs\debug\macro-assembler-x64.obj
d:\projects\simplebattlebot\khe2019\msvs\debug\constants-mips.obj
d:\projects\simplebattlebot\khe2019\msvs\debug\interface-descriptors-mips.obj
d:\projects\simplebattlebot\khe2019\msvs\debug\macro-assembler-mips.obj
d:\projects\simplebattlebot\khe2019\msvs\debug\constants-ppc.obj
d:\projects\simplebattlebot\khe2019\msvs\debug\cpu-ppc.obj
d:\projects\simplebattlebot\khe2019\msvs\debug\interface-descriptors-ppc.obj
d:\projects\simplebattlebot\khe2019\msvs\debug\macro-assembler-ppc.obj
d:\projects\simplebattlebot\khe2019\msvs\debug\constants-s390.obj
d:\projects\simplebattlebot\khe2019\msvs\debug\cpu-s390.obj
d:\projects\simplebattlebot\khe2019\msvs\debug\interface-descriptors-s390.obj
d:\projects\simplebattlebot\khe2019\msvs\debug\macro-assembler-s390.obj
d:\projects\simplebattlebot\khe2019\msvs\debug\cpu-ia32.obj
d:\projects\simplebattlebot\khe2019\msvs\debug\interface-descriptors-ia32.obj
d:\projects\simplebattlebot\khe2019\msvs\debug\macro-assembler-ia32.obj
d:\projects\simplebattlebot\khe2019\msvs\debug\constants-mips64.obj
d:\projects\simplebattlebot\khe2019\msvs\debug\interface-descriptors-mips64.obj
d:\projects\simplebattlebot\khe2019\msvs\debug\macro-assembler-mips64.obj
d:\projects\simplebattlebot\khe2019\msvs\debug\cpu-arm64.obj
d:\projects\simplebattlebot\khe2019\msvs\debug\decoder-arm64.obj
d:\projects\simplebattlebot\khe2019\msvs\debug\instructions-arm64.obj
d:\projects\simplebattlebot\khe2019\msvs\debug\interface-descriptors-arm64.obj
d:\projects\simplebattlebot\khe2019\msvs\debug\macro-assembler-arm64.obj
d:\projects\simplebattlebot\khe2019\msvs\debug\register-arm64.obj
d:\projects\simplebattlebot\khe2019\msvs\debug\utils-arm64.obj
d:\projects\simplebattlebot\khe2019\msvs\debug\constants-arm.obj
d:\projects\simplebattlebot\khe2019\msvs\debug\cpu-arm.obj
d:\projects\simplebattlebot\khe2019\msvs\debug\interface-descriptors-arm.obj
d:\projects\simplebattlebot\khe2019\msvs\debug\macro-assembler-arm.obj
d:\projects\simplebattlebot\khe2019\msvs\debug\builtins-ia32.obj
d:\projects\simplebattlebot\khe2019\msvs\debug\builtins-mips64.obj
d:\projects\simplebattlebot\khe2019\msvs\debug\builtins-mips.obj
d:\projects\simplebattlebot\khe2019\msvs\debug\builtins-ppc.obj
d:\projects\simplebattlebot\khe2019\msvs\debug\builtins-s390.obj
d:\projects\simplebattlebot\khe2019\msvs\debug\builtins-x64.obj
d:\projects\simplebattlebot\khe2019\msvs\debug\assembler-arm64.obj
d:\projects\simplebattlebot\khe2019\msvs\debug\builtins-arm.obj
d:\projects\simplebattlebot\khe2019\msvs\debug\builtins-arm64.obj
d:\projects\simplebattlebot\khe2019\msvs\debug\duktape.obj
d:\projects\simplebattlebot\khe2019\msvs\debug\khe2019.ilk
d:\projects\simplebattlebot\khe2019\msvs\debug\khe2019.exe
d:\projects\simplebattlebot\khe2019\msvs\debug\khe2019.pdb
d:\projects\simplebattlebot\khe2019\debug\khe2019.pdb
d:\projects\simplebattlebot\khe2019\msvs\debug\khe2019.tlog\cl.command.1.tlog
d:\projects\simplebattlebot\khe2019\msvs\debug\khe2019.tlog\cl.read.1.tlog
d:\projects\simplebattlebot\khe2019\msvs\debug\khe2019.tlog\cl.write.1.tlog
d:\projects\simplebattlebot\khe2019\msvs\debug\khe2019.tlog\link.command.1.tlog
d:\projects\simplebattlebot\khe2019\msvs\debug\khe2019.tlog\link.read.1.tlog
d:\projects\simplebattlebot\khe2019\msvs\debug\khe2019.tlog\link.write.1.tlog
